PHP Warning:  Module "mysqli" is already loaded in Unknown on line 0
[Sat Mar 21 00:23:48.578112 2026] [mpm_winnt:notice] [pid 20912:tid 428] AH00455: Apache/2.4.66 (Win64) PHP/8.5.1 configured -- resuming normal operations
[Sat Mar 21 00:23:48.578633 2026] [mpm_winnt:notice] [pid 20912:tid 428] AH00456: Apache Lounge VS18 server built: Feb 23 2026 10:01:09
[Sat Mar 21 00:23:48.578633 2026] [core:notice] [pid 20912:tid 428] AH00094: Command line: 'C:\\Apache24\\bin\\httpd.exe -d C:/Apache24'
[Sat Mar 21 00:23:48.580744 2026] [mpm_winnt:notice] [pid 20912:tid 428] AH00418: Parent: Created child process 1908
PHP Warning:  Module "mysqli" is already loaded in Unknown on line 0
[Sat Mar 21 00:23:49.066031 2026] [mpm_winnt:notice] [pid 1908:tid 444] AH00354: Child: Starting 64 worker threads.
[Sat Mar 21 00:24:46.718565 2026] [php:warn] [pid 1908:tid 1168] [client ::1:58245] PHP Warning:  require_once(db.php): Failed to open stream: No such file or directory in D:\\Files\\projects\\php_pitomnik\\index.php on line 2, referer: https://www.yandex.ru/clck/jsredir?from=yandex.ru;suggest;browser&text=
[Sat Mar 21 00:24:46.718565 2026] [php:error] [pid 1908:tid 1168] [client ::1:58245] PHP Fatal error:  Uncaught Error: Failed opening required 'db.php' (include_path='.;C:\\php\\pear') in D:\\Files\\projects\\php_pitomnik\\index.php:2\nStack trace:\n#0 {main}\n  thrown in D:\\Files\\projects\\php_pitomnik\\index.php on line 2, referer: https://www.yandex.ru/clck/jsredir?from=yandex.ru;suggest;browser&text=
[Sat Mar 21 00:24:47.172614 2026] [php:warn] [pid 1908:tid 1168] [client ::1:58245] PHP Warning:  require_once(db.php): Failed to open stream: No such file or directory in D:\\Files\\projects\\php_pitomnik\\index.php on line 2, referer: https://www.yandex.ru/clck/jsredir?from=yandex.ru;suggest;browser&text=
[Sat Mar 21 00:24:47.172614 2026] [php:error] [pid 1908:tid 1168] [client ::1:58245] PHP Fatal error:  Uncaught Error: Failed opening required 'db.php' (include_path='.;C:\\php\\pear') in D:\\Files\\projects\\php_pitomnik\\index.php:2\nStack trace:\n#0 {main}\n  thrown in D:\\Files\\projects\\php_pitomnik\\index.php on line 2, referer: https://www.yandex.ru/clck/jsredir?from=yandex.ru;suggest;browser&text=
[Sat Mar 21 00:24:47.480830 2026] [php:warn] [pid 1908:tid 1168] [client ::1:58245] PHP Warning:  require_once(db.php): Failed to open stream: No such file or directory in D:\\Files\\projects\\php_pitomnik\\index.php on line 2, referer: https://www.yandex.ru/clck/jsredir?from=yandex.ru;suggest;browser&text=
[Sat Mar 21 00:24:47.480830 2026] [php:error] [pid 1908:tid 1168] [client ::1:58245] PHP Fatal error:  Uncaught Error: Failed opening required 'db.php' (include_path='.;C:\\php\\pear') in D:\\Files\\projects\\php_pitomnik\\index.php:2\nStack trace:\n#0 {main}\n  thrown in D:\\Files\\projects\\php_pitomnik\\index.php on line 2, referer: https://www.yandex.ru/clck/jsredir?from=yandex.ru;suggest;browser&text=
[Sat Mar 21 00:24:47.720808 2026] [php:warn] [pid 1908:tid 1168] [client ::1:58245] PHP Warning:  require_once(db.php): Failed to open stream: No such file or directory in D:\\Files\\projects\\php_pitomnik\\index.php on line 2, referer: https://www.yandex.ru/clck/jsredir?from=yandex.ru;suggest;browser&text=
[Sat Mar 21 00:24:47.720808 2026] [php:error] [pid 1908:tid 1168] [client ::1:58245] PHP Fatal error:  Uncaught Error: Failed opening required 'db.php' (include_path='.;C:\\php\\pear') in D:\\Files\\projects\\php_pitomnik\\index.php:2\nStack trace:\n#0 {main}\n  thrown in D:\\Files\\projects\\php_pitomnik\\index.php on line 2, referer: https://www.yandex.ru/clck/jsredir?from=yandex.ru;suggest;browser&text=
[Sat Mar 21 00:24:48.257694 2026] [php:warn] [pid 1908:tid 1168] [client ::1:58245] PHP Warning:  require_once(db.php): Failed to open stream: No such file or directory in D:\\Files\\projects\\php_pitomnik\\index.php on line 2, referer: https://www.yandex.ru/clck/jsredir?from=yandex.ru;suggest;browser&text=
[Sat Mar 21 00:24:48.257694 2026] [php:error] [pid 1908:tid 1168] [client ::1:58245] PHP Fatal error:  Uncaught Error: Failed opening required 'db.php' (include_path='.;C:\\php\\pear') in D:\\Files\\projects\\php_pitomnik\\index.php:2\nStack trace:\n#0 {main}\n  thrown in D:\\Files\\projects\\php_pitomnik\\index.php on line 2, referer: https://www.yandex.ru/clck/jsredir?from=yandex.ru;suggest;browser&text=
[Sat Mar 21 00:24:48.515256 2026] [php:warn] [pid 1908:tid 1168] [client ::1:58245] PHP Warning:  require_once(db.php): Failed to open stream: No such file or directory in D:\\Files\\projects\\php_pitomnik\\index.php on line 2, referer: https://www.yandex.ru/clck/jsredir?from=yandex.ru;suggest;browser&text=
[Sat Mar 21 00:24:48.515256 2026] [php:error] [pid 1908:tid 1168] [client ::1:58245] PHP Fatal error:  Uncaught Error: Failed opening required 'db.php' (include_path='.;C:\\php\\pear') in D:\\Files\\projects\\php_pitomnik\\index.php:2\nStack trace:\n#0 {main}\n  thrown in D:\\Files\\projects\\php_pitomnik\\index.php on line 2, referer: https://www.yandex.ru/clck/jsredir?from=yandex.ru;suggest;browser&text=
[Sat Mar 21 00:24:48.745779 2026] [php:warn] [pid 1908:tid 1168] [client ::1:58245] PHP Warning:  require_once(db.php): Failed to open stream: No such file or directory in D:\\Files\\projects\\php_pitomnik\\index.php on line 2, referer: https://www.yandex.ru/clck/jsredir?from=yandex.ru;suggest;browser&text=
[Sat Mar 21 00:24:48.745779 2026] [php:error] [pid 1908:tid 1168] [client ::1:58245] PHP Fatal error:  Uncaught Error: Failed opening required 'db.php' (include_path='.;C:\\php\\pear') in D:\\Files\\projects\\php_pitomnik\\index.php:2\nStack trace:\n#0 {main}\n  thrown in D:\\Files\\projects\\php_pitomnik\\index.php on line 2, referer: https://www.yandex.ru/clck/jsredir?from=yandex.ru;suggest;browser&text=
[Sat Mar 21 00:25:06.359966 2026] [php:warn] [pid 1908:tid 1164] [client ::1:58246] PHP Warning:  Undefined variable $pdo in D:\\Files\\projects\\php_pitomnik\\index.php on line 5, referer: https://www.yandex.ru/clck/jsredir?from=yandex.ru;suggest;browser&text=
[Sat Mar 21 00:25:06.360967 2026] [php:error] [pid 1908:tid 1164] [client ::1:58246] PHP Fatal error:  Uncaught Error: Call to a member function query() on null in D:\\Files\\projects\\php_pitomnik\\index.php:5\nStack trace:\n#0 {main}\n  thrown in D:\\Files\\projects\\php_pitomnik\\index.php on line 5, referer: https://www.yandex.ru/clck/jsredir?from=yandex.ru;suggest;browser&text=
[Sat Mar 21 00:25:06.745769 2026] [php:warn] [pid 1908:tid 1164] [client ::1:58246] PHP Warning:  Undefined variable $pdo in D:\\Files\\projects\\php_pitomnik\\index.php on line 5, referer: https://www.yandex.ru/clck/jsredir?from=yandex.ru;suggest;browser&text=
[Sat Mar 21 00:25:06.745769 2026] [php:error] [pid 1908:tid 1164] [client ::1:58246] PHP Fatal error:  Uncaught Error: Call to a member function query() on null in D:\\Files\\projects\\php_pitomnik\\index.php:5\nStack trace:\n#0 {main}\n  thrown in D:\\Files\\projects\\php_pitomnik\\index.php on line 5, referer: https://www.yandex.ru/clck/jsredir?from=yandex.ru;suggest;browser&text=
[Sat Mar 21 00:25:07.050654 2026] [php:warn] [pid 1908:tid 1164] [client ::1:58246] PHP Warning:  Undefined variable $pdo in D:\\Files\\projects\\php_pitomnik\\index.php on line 5, referer: https://www.yandex.ru/clck/jsredir?from=yandex.ru;suggest;browser&text=
[Sat Mar 21 00:25:07.050654 2026] [php:error] [pid 1908:tid 1164] [client ::1:58246] PHP Fatal error:  Uncaught Error: Call to a member function query() on null in D:\\Files\\projects\\php_pitomnik\\index.php:5\nStack trace:\n#0 {main}\n  thrown in D:\\Files\\projects\\php_pitomnik\\index.php on line 5, referer: https://www.yandex.ru/clck/jsredir?from=yandex.ru;suggest;browser&text=
[Sat Mar 21 00:25:34.456063 2026] [php:error] [pid 1908:tid 1168] [client ::1:58285] PHP Fatal error:  Uncaught PDOException: SQLSTATE[HY000] [1045] Access denied for user 'root'@'localhost' (using password: NO) in D:\\Files\\projects\\php_pitomnik\\db.php:19\nStack trace:\n#0 D:\\Files\\projects\\php_pitomnik\\index.php(2): require_once()\n#1 {main}\n  thrown in D:\\Files\\projects\\php_pitomnik\\db.php on line 19, referer: https://www.yandex.ru/clck/jsredir?from=yandex.ru;suggest;browser&text=
[Sat Mar 21 00:25:34.806837 2026] [php:error] [pid 1908:tid 1168] [client ::1:58285] PHP Fatal error:  Uncaught PDOException: SQLSTATE[HY000] [1045] Access denied for user 'root'@'localhost' (using password: NO) in D:\\Files\\projects\\php_pitomnik\\db.php:19\nStack trace:\n#0 D:\\Files\\projects\\php_pitomnik\\index.php(2): require_once()\n#1 {main}\n  thrown in D:\\Files\\projects\\php_pitomnik\\db.php on line 19, referer: https://www.yandex.ru/clck/jsredir?from=yandex.ru;suggest;browser&text=
[Sat Mar 21 00:25:35.055085 2026] [php:error] [pid 1908:tid 1168] [client ::1:58285] PHP Fatal error:  Uncaught PDOException: SQLSTATE[HY000] [1045] Access denied for user 'root'@'localhost' (using password: NO) in D:\\Files\\projects\\php_pitomnik\\db.php:19\nStack trace:\n#0 D:\\Files\\projects\\php_pitomnik\\index.php(2): require_once()\n#1 {main}\n  thrown in D:\\Files\\projects\\php_pitomnik\\db.php on line 19, referer: https://www.yandex.ru/clck/jsredir?from=yandex.ru;suggest;browser&text=
[Sat Mar 21 00:25:35.295270 2026] [php:error] [pid 1908:tid 1168] [client ::1:58285] PHP Fatal error:  Uncaught PDOException: SQLSTATE[HY000] [1045] Access denied for user 'root'@'localhost' (using password: NO) in D:\\Files\\projects\\php_pitomnik\\db.php:19\nStack trace:\n#0 D:\\Files\\projects\\php_pitomnik\\index.php(2): require_once()\n#1 {main}\n  thrown in D:\\Files\\projects\\php_pitomnik\\db.php on line 19, referer: https://www.yandex.ru/clck/jsredir?from=yandex.ru;suggest;browser&text=
[Sat Mar 21 00:25:35.536677 2026] [php:error] [pid 1908:tid 1168] [client ::1:58285] PHP Fatal error:  Uncaught PDOException: SQLSTATE[HY000] [1045] Access denied for user 'root'@'localhost' (using password: NO) in D:\\Files\\projects\\php_pitomnik\\db.php:19\nStack trace:\n#0 D:\\Files\\projects\\php_pitomnik\\index.php(2): require_once()\n#1 {main}\n  thrown in D:\\Files\\projects\\php_pitomnik\\db.php on line 19, referer: https://www.yandex.ru/clck/jsredir?from=yandex.ru;suggest;browser&text=
[Sat Mar 21 00:25:35.772427 2026] [php:error] [pid 1908:tid 1168] [client ::1:58285] PHP Fatal error:  Uncaught PDOException: SQLSTATE[HY000] [1045] Access denied for user 'root'@'localhost' (using password: NO) in D:\\Files\\projects\\php_pitomnik\\db.php:19\nStack trace:\n#0 D:\\Files\\projects\\php_pitomnik\\index.php(2): require_once()\n#1 {main}\n  thrown in D:\\Files\\projects\\php_pitomnik\\db.php on line 19, referer: https://www.yandex.ru/clck/jsredir?from=yandex.ru;suggest;browser&text=
[Sat Mar 21 00:25:36.015903 2026] [php:error] [pid 1908:tid 1168] [client ::1:58285] PHP Fatal error:  Uncaught PDOException: SQLSTATE[HY000] [1045] Access denied for user 'root'@'localhost' (using password: NO) in D:\\Files\\projects\\php_pitomnik\\db.php:19\nStack trace:\n#0 D:\\Files\\projects\\php_pitomnik\\index.php(2): require_once()\n#1 {main}\n  thrown in D:\\Files\\projects\\php_pitomnik\\db.php on line 19, referer: https://www.yandex.ru/clck/jsredir?from=yandex.ru;suggest;browser&text=
[Sat Mar 21 00:25:44.827741 2026] [php:error] [pid 1908:tid 1164] [client ::1:58286] PHP Fatal error:  Uncaught PDOException: SQLSTATE[HY000] [1049] Unknown database 'pet_shelter' in D:\\Files\\projects\\php_pitomnik\\db.php:19\nStack trace:\n#0 D:\\Files\\projects\\php_pitomnik\\index.php(2): require_once()\n#1 {main}\n  thrown in D:\\Files\\projects\\php_pitomnik\\db.php on line 19, referer: https://www.yandex.ru/clck/jsredir?from=yandex.ru;suggest;browser&text=
[Sat Mar 21 00:25:45.212898 2026] [php:error] [pid 1908:tid 1164] [client ::1:58286] PHP Fatal error:  Uncaught PDOException: SQLSTATE[HY000] [1049] Unknown database 'pet_shelter' in D:\\Files\\projects\\php_pitomnik\\db.php:19\nStack trace:\n#0 D:\\Files\\projects\\php_pitomnik\\index.php(2): require_once()\n#1 {main}\n  thrown in D:\\Files\\projects\\php_pitomnik\\db.php on line 19, referer: https://www.yandex.ru/clck/jsredir?from=yandex.ru;suggest;browser&text=
[Sat Mar 21 00:25:45.487544 2026] [php:error] [pid 1908:tid 1164] [client ::1:58286] PHP Fatal error:  Uncaught PDOException: SQLSTATE[HY000] [1049] Unknown database 'pet_shelter' in D:\\Files\\projects\\php_pitomnik\\db.php:19\nStack trace:\n#0 D:\\Files\\projects\\php_pitomnik\\index.php(2): require_once()\n#1 {main}\n  thrown in D:\\Files\\projects\\php_pitomnik\\db.php on line 19, referer: https://www.yandex.ru/clck/jsredir?from=yandex.ru;suggest;browser&text=
[Sat Mar 21 00:25:45.703246 2026] [php:error] [pid 1908:tid 1164] [client ::1:58286] PHP Fatal error:  Uncaught PDOException: SQLSTATE[HY000] [1049] Unknown database 'pet_shelter' in D:\\Files\\projects\\php_pitomnik\\db.php:19\nStack trace:\n#0 D:\\Files\\projects\\php_pitomnik\\index.php(2): require_once()\n#1 {main}\n  thrown in D:\\Files\\projects\\php_pitomnik\\db.php on line 19, referer: https://www.yandex.ru/clck/jsredir?from=yandex.ru;suggest;browser&text=
[Sat Mar 21 00:27:22.256858 2026] [php:error] [pid 1908:tid 1168] [client ::1:58422] script 'D:/Files/projects/php_pitomnik/pet_card.php' not found or unable to stat, referer: http://localhost/
[Sat Mar 21 01:04:17.516863 2026] [php:error] [pid 1908:tid 1132] [client ::1:52909] script 'D:/Files/projects/php_pitomnik/pet_card.php' not found or unable to stat, referer: http://localhost/
[Sat Mar 21 01:31:27.612280 2026] [php:error] [pid 1908:tid 1144] [client ::1:62390] PHP Fatal error:  Uncaught PDOException: SQLSTATE[42S02]: Base table or view not found: 1146 Table 'pet_db.adoptions' doesn't exist in D:\\Files\\projects\\php_pitomnik\\admin.php:14\nStack trace:\n#0 D:\\Files\\projects\\php_pitomnik\\admin.php(14): PDO->query('SELECT a.*, p.n...')\n#1 {main}\n  thrown in D:\\Files\\projects\\php_pitomnik\\admin.php on line 14
[Sat Mar 21 01:42:01.115039 2026] [php:warn] [pid 1908:tid 1156] [client ::1:63008] PHP Warning:  Undefined variable $id in D:\\Files\\projects\\php_pitomnik\\admin_edit.php on line 11, referer: http://localhost/admin.php
[Sat Mar 21 01:42:01.115039 2026] [php:warn] [pid 1908:tid 1156] [client ::1:63008] PHP Warning:  Undefined variable $pet in D:\\Files\\projects\\php_pitomnik\\admin_edit.php on line 14, referer: http://localhost/admin.php
[Sat Mar 21 01:42:01.115039 2026] [php:warn] [pid 1908:tid 1156] [client ::1:63008] PHP Warning:  Trying to access array offset on null in D:\\Files\\projects\\php_pitomnik\\admin_edit.php on line 14, referer: http://localhost/admin.php
[Sat Mar 21 01:42:01.115039 2026] [php:warn] [pid 1908:tid 1156] [client ::1:63008] PHP Warning:  Undefined variable $pet in D:\\Files\\projects\\php_pitomnik\\admin_edit.php on line 18, referer: http://localhost/admin.php
[Sat Mar 21 01:42:01.115039 2026] [php:warn] [pid 1908:tid 1156] [client ::1:63008] PHP Warning:  Trying to access array offset on null in D:\\Files\\projects\\php_pitomnik\\admin_edit.php on line 18, referer: http://localhost/admin.php
[Sat Mar 21 01:42:01.116040 2026] [php:notice] [pid 1908:tid 1156] [client ::1:63008] PHP Deprecated:  htmlspecialchars(): Passing null to parameter #1 ($string) of type string is deprecated in D:\\Files\\projects\\php_pitomnik\\admin_edit.php on line 18, referer: http://localhost/admin.php
[Sat Mar 21 01:42:01.116040 2026] [php:warn] [pid 1908:tid 1156] [client ::1:63008] PHP Warning:  Undefined variable $pet in D:\\Files\\projects\\php_pitomnik\\admin_edit.php on line 23, referer: http://localhost/admin.php
[Sat Mar 21 01:42:01.116040 2026] [php:warn] [pid 1908:tid 1156] [client ::1:63008] PHP Warning:  Trying to access array offset on null in D:\\Files\\projects\\php_pitomnik\\admin_edit.php on line 23, referer: http://localhost/admin.php
[Sat Mar 21 01:42:01.116040 2026] [php:warn] [pid 1908:tid 1156] [client ::1:63008] PHP Warning:  Undefined variable $pet in D:\\Files\\projects\\php_pitomnik\\admin_edit.php on line 28, referer: http://localhost/admin.php
[Sat Mar 21 01:42:01.116040 2026] [php:warn] [pid 1908:tid 1156] [client ::1:63008] PHP Warning:  Trying to access array offset on null in D:\\Files\\projects\\php_pitomnik\\admin_edit.php on line 28, referer: http://localhost/admin.php
[Sat Mar 21 01:42:01.116040 2026] [php:notice] [pid 1908:tid 1156] [client ::1:63008] PHP Deprecated:  htmlspecialchars(): Passing null to parameter #1 ($string) of type string is deprecated in D:\\Files\\projects\\php_pitomnik\\admin_edit.php on line 28, referer: http://localhost/admin.php
[Sat Mar 21 01:42:01.116040 2026] [php:warn] [pid 1908:tid 1156] [client ::1:63008] PHP Warning:  Undefined variable $pet in D:\\Files\\projects\\php_pitomnik\\admin_edit.php on line 34, referer: http://localhost/admin.php
[Sat Mar 21 01:42:01.116040 2026] [php:warn] [pid 1908:tid 1156] [client ::1:63008] PHP Warning:  Trying to access array offset on null in D:\\Files\\projects\\php_pitomnik\\admin_edit.php on line 34, referer: http://localhost/admin.php
[Sat Mar 21 01:42:52.324775 2026] [php:warn] [pid 1908:tid 1156] [client ::1:63049] PHP Warning:  Undefined variable $id in D:\\Files\\projects\\php_pitomnik\\admin_edit.php on line 11, referer: http://localhost/admin.php
[Sat Mar 21 01:42:52.324775 2026] [php:warn] [pid 1908:tid 1156] [client ::1:63049] PHP Warning:  Undefined variable $pet in D:\\Files\\projects\\php_pitomnik\\admin_edit.php on line 14, referer: http://localhost/admin.php
[Sat Mar 21 01:42:52.324775 2026] [php:warn] [pid 1908:tid 1156] [client ::1:63049] PHP Warning:  Trying to access array offset on null in D:\\Files\\projects\\php_pitomnik\\admin_edit.php on line 14, referer: http://localhost/admin.php
[Sat Mar 21 01:42:52.324775 2026] [php:warn] [pid 1908:tid 1156] [client ::1:63049] PHP Warning:  Undefined variable $pet in D:\\Files\\projects\\php_pitomnik\\admin_edit.php on line 18, referer: http://localhost/admin.php
[Sat Mar 21 01:42:52.325294 2026] [php:warn] [pid 1908:tid 1156] [client ::1:63049] PHP Warning:  Trying to access array offset on null in D:\\Files\\projects\\php_pitomnik\\admin_edit.php on line 18, referer: http://localhost/admin.php
[Sat Mar 21 01:42:52.325294 2026] [php:notice] [pid 1908:tid 1156] [client ::1:63049] PHP Deprecated:  htmlspecialchars(): Passing null to parameter #1 ($string) of type string is deprecated in D:\\Files\\projects\\php_pitomnik\\admin_edit.php on line 18, referer: http://localhost/admin.php
[Sat Mar 21 01:42:52.325294 2026] [php:warn] [pid 1908:tid 1156] [client ::1:63049] PHP Warning:  Undefined variable $pet in D:\\Files\\projects\\php_pitomnik\\admin_edit.php on line 23, referer: http://localhost/admin.php
[Sat Mar 21 01:42:52.325294 2026] [php:warn] [pid 1908:tid 1156] [client ::1:63049] PHP Warning:  Trying to access array offset on null in D:\\Files\\projects\\php_pitomnik\\admin_edit.php on line 23, referer: http://localhost/admin.php
[Sat Mar 21 01:42:52.325294 2026] [php:warn] [pid 1908:tid 1156] [client ::1:63049] PHP Warning:  Undefined variable $pet in D:\\Files\\projects\\php_pitomnik\\admin_edit.php on line 28, referer: http://localhost/admin.php
[Sat Mar 21 01:42:52.325294 2026] [php:warn] [pid 1908:tid 1156] [client ::1:63049] PHP Warning:  Trying to access array offset on null in D:\\Files\\projects\\php_pitomnik\\admin_edit.php on line 28, referer: http://localhost/admin.php
[Sat Mar 21 01:42:52.325294 2026] [php:notice] [pid 1908:tid 1156] [client ::1:63049] PHP Deprecated:  htmlspecialchars(): Passing null to parameter #1 ($string) of type string is deprecated in D:\\Files\\projects\\php_pitomnik\\admin_edit.php on line 28, referer: http://localhost/admin.php
[Sat Mar 21 01:42:52.325294 2026] [php:warn] [pid 1908:tid 1156] [client ::1:63049] PHP Warning:  Undefined variable $pet in D:\\Files\\projects\\php_pitomnik\\admin_edit.php on line 34, referer: http://localhost/admin.php
[Sat Mar 21 01:42:52.325294 2026] [php:warn] [pid 1908:tid 1156] [client ::1:63049] PHP Warning:  Trying to access array offset on null in D:\\Files\\projects\\php_pitomnik\\admin_edit.php on line 34, referer: http://localhost/admin.php
[Sat Mar 21 01:42:52.699347 2026] [php:warn] [pid 1908:tid 1156] [client ::1:63049] PHP Warning:  Undefined variable $id in D:\\Files\\projects\\php_pitomnik\\admin_edit.php on line 11, referer: http://localhost/admin.php
[Sat Mar 21 01:42:52.699347 2026] [php:warn] [pid 1908:tid 1156] [client ::1:63049] PHP Warning:  Undefined variable $pet in D:\\Files\\projects\\php_pitomnik\\admin_edit.php on line 14, referer: http://localhost/admin.php
[Sat Mar 21 01:42:52.699347 2026] [php:warn] [pid 1908:tid 1156] [client ::1:63049] PHP Warning:  Trying to access array offset on null in D:\\Files\\projects\\php_pitomnik\\admin_edit.php on line 14, referer: http://localhost/admin.php
[Sat Mar 21 01:42:52.699347 2026] [php:warn] [pid 1908:tid 1156] [client ::1:63049] PHP Warning:  Undefined variable $pet in D:\\Files\\projects\\php_pitomnik\\admin_edit.php on line 18, referer: http://localhost/admin.php
[Sat Mar 21 01:42:52.699347 2026] [php:warn] [pid 1908:tid 1156] [client ::1:63049] PHP Warning:  Trying to access array offset on null in D:\\Files\\projects\\php_pitomnik\\admin_edit.php on line 18, referer: http://localhost/admin.php
[Sat Mar 21 01:42:52.699347 2026] [php:notice] [pid 1908:tid 1156] [client ::1:63049] PHP Deprecated:  htmlspecialchars(): Passing null to parameter #1 ($string) of type string is deprecated in D:\\Files\\projects\\php_pitomnik\\admin_edit.php on line 18, referer: http://localhost/admin.php
[Sat Mar 21 01:42:52.699347 2026] [php:warn] [pid 1908:tid 1156] [client ::1:63049] PHP Warning:  Undefined variable $pet in D:\\Files\\projects\\php_pitomnik\\admin_edit.php on line 23, referer: http://localhost/admin.php
[Sat Mar 21 01:42:52.699347 2026] [php:warn] [pid 1908:tid 1156] [client ::1:63049] PHP Warning:  Trying to access array offset on null in D:\\Files\\projects\\php_pitomnik\\admin_edit.php on line 23, referer: http://localhost/admin.php
[Sat Mar 21 01:42:52.699347 2026] [php:warn] [pid 1908:tid 1156] [client ::1:63049] PHP Warning:  Undefined variable $pet in D:\\Files\\projects\\php_pitomnik\\admin_edit.php on line 28, referer: http://localhost/admin.php
[Sat Mar 21 01:42:52.699347 2026] [php:warn] [pid 1908:tid 1156] [client ::1:63049] PHP Warning:  Trying to access array offset on null in D:\\Files\\projects\\php_pitomnik\\admin_edit.php on line 28, referer: http://localhost/admin.php
[Sat Mar 21 01:42:52.699347 2026] [php:notice] [pid 1908:tid 1156] [client ::1:63049] PHP Deprecated:  htmlspecialchars(): Passing null to parameter #1 ($string) of type string is deprecated in D:\\Files\\projects\\php_pitomnik\\admin_edit.php on line 28, referer: http://localhost/admin.php
[Sat Mar 21 01:42:52.699347 2026] [php:warn] [pid 1908:tid 1156] [client ::1:63049] PHP Warning:  Undefined variable $pet in D:\\Files\\projects\\php_pitomnik\\admin_edit.php on line 34, referer: http://localhost/admin.php
[Sat Mar 21 01:42:52.699347 2026] [php:warn] [pid 1908:tid 1156] [client ::1:63049] PHP Warning:  Trying to access array offset on null in D:\\Files\\projects\\php_pitomnik\\admin_edit.php on line 34, referer: http://localhost/admin.php
[Sat Mar 21 01:42:52.966587 2026] [php:warn] [pid 1908:tid 1156] [client ::1:63049] PHP Warning:  Undefined variable $id in D:\\Files\\projects\\php_pitomnik\\admin_edit.php on line 11, referer: http://localhost/admin.php
[Sat Mar 21 01:42:52.966587 2026] [php:warn] [pid 1908:tid 1156] [client ::1:63049] PHP Warning:  Undefined variable $pet in D:\\Files\\projects\\php_pitomnik\\admin_edit.php on line 14, referer: http://localhost/admin.php
[Sat Mar 21 01:42:52.966587 2026] [php:warn] [pid 1908:tid 1156] [client ::1:63049] PHP Warning:  Trying to access array offset on null in D:\\Files\\projects\\php_pitomnik\\admin_edit.php on line 14, referer: http://localhost/admin.php
[Sat Mar 21 01:42:52.966587 2026] [php:warn] [pid 1908:tid 1156] [client ::1:63049] PHP Warning:  Undefined variable $pet in D:\\Files\\projects\\php_pitomnik\\admin_edit.php on line 18, referer: http://localhost/admin.php
[Sat Mar 21 01:42:52.966587 2026] [php:warn] [pid 1908:tid 1156] [client ::1:63049] PHP Warning:  Trying to access array offset on null in D:\\Files\\projects\\php_pitomnik\\admin_edit.php on line 18, referer: http://localhost/admin.php
[Sat Mar 21 01:42:52.966587 2026] [php:notice] [pid 1908:tid 1156] [client ::1:63049] PHP Deprecated:  htmlspecialchars(): Passing null to parameter #1 ($string) of type string is deprecated in D:\\Files\\projects\\php_pitomnik\\admin_edit.php on line 18, referer: http://localhost/admin.php
[Sat Mar 21 01:42:52.967587 2026] [php:warn] [pid 1908:tid 1156] [client ::1:63049] PHP Warning:  Undefined variable $pet in D:\\Files\\projects\\php_pitomnik\\admin_edit.php on line 23, referer: http://localhost/admin.php
[Sat Mar 21 01:42:52.967587 2026] [php:warn] [pid 1908:tid 1156] [client ::1:63049] PHP Warning:  Trying to access array offset on null in D:\\Files\\projects\\php_pitomnik\\admin_edit.php on line 23, referer: http://localhost/admin.php
[Sat Mar 21 01:42:52.967587 2026] [php:warn] [pid 1908:tid 1156] [client ::1:63049] PHP Warning:  Undefined variable $pet in D:\\Files\\projects\\php_pitomnik\\admin_edit.php on line 28, referer: http://localhost/admin.php
[Sat Mar 21 01:42:52.967587 2026] [php:warn] [pid 1908:tid 1156] [client ::1:63049] PHP Warning:  Trying to access array offset on null in D:\\Files\\projects\\php_pitomnik\\admin_edit.php on line 28, referer: http://localhost/admin.php
[Sat Mar 21 01:42:52.967587 2026] [php:notice] [pid 1908:tid 1156] [client ::1:63049] PHP Deprecated:  htmlspecialchars(): Passing null to parameter #1 ($string) of type string is deprecated in D:\\Files\\projects\\php_pitomnik\\admin_edit.php on line 28, referer: http://localhost/admin.php
[Sat Mar 21 01:42:52.967587 2026] [php:warn] [pid 1908:tid 1156] [client ::1:63049] PHP Warning:  Undefined variable $pet in D:\\Files\\projects\\php_pitomnik\\admin_edit.php on line 34, referer: http://localhost/admin.php
[Sat Mar 21 01:42:52.967587 2026] [php:warn] [pid 1908:tid 1156] [client ::1:63049] PHP Warning:  Trying to access array offset on null in D:\\Files\\projects\\php_pitomnik\\admin_edit.php on line 34, referer: http://localhost/admin.php
[Sat Mar 21 01:43:52.804136 2026] [php:warn] [pid 1908:tid 1132] [client ::1:63108] PHP Warning:  move_uploaded_file(images/pets/pet_1774046632.jpg): Failed to open stream: No such file or directory in D:\\Files\\projects\\php_pitomnik\\admin_edit.php on line 39, referer: http://localhost/admin_edit.php?id=6
[Sat Mar 21 01:43:52.805723 2026] [php:warn] [pid 1908:tid 1132] [client ::1:63108] PHP Warning:  move_uploaded_file(): Unable to move &quot;C:\\Windows\\Temp\\phpE16.tmp&quot; to &quot;images/pets/pet_1774046632.jpg&quot; in D:\\Files\\projects\\php_pitomnik\\admin_edit.php on line 39, referer: http://localhost/admin_edit.php?id=6
[Sat Mar 21 01:47:39.161835 2026] [php:error] [pid 1908:tid 1156] [client ::1:63367] PHP Fatal error:  Uncaught PDOException: SQLSTATE[01000]: Warning: 1265 Data truncated for column 'status' at row 1 in D:\\Files\\projects\\php_pitomnik\\admin_edit.php:50\nStack trace:\n#0 D:\\Files\\projects\\php_pitomnik\\admin_edit.php(50): PDOStatement->execute(Array)\n#1 {main}\n  thrown in D:\\Files\\projects\\php_pitomnik\\admin_edit.php on line 50, referer: http://localhost/admin_edit.php?id=6
